{"app":"PHP","message":"Undefined offset: 1 at \/var\/www\/owncloud\/apps\/gallery\/ajax\/gallery.php#12","level":2,"time":1374082532}
{"app":"PHP","message":"opendir(\/var\/www\/owncloud\/data\/Audrey\/cache\/): failed to open dir: No such file or directory at \/var\/www\/owncloud\/lib\/files\/storage\/local.php#40","level":2,"time":1374083140}
{"app":"PHP","message":"readdir() expects parameter 1 to be resource, boolean given at \/var\/www\/owncloud\/lib\/cache\/file.php#89","level":2,"time":1374083140}
{"app":"PHP","message":"Illegal offset type at \/var\/www\/owncloud\/apps\/calendar\/templates\/part.showevent.php#163","level":2,"time":1374141812}
{"app":"PHP","message":"Illegal offset type at \/var\/www\/owncloud\/apps\/calendar\/templates\/part.showevent.php#176","level":2,"time":1374141812}
{"app":"PHP","message":"Illegal offset type at \/var\/www\/owncloud\/apps\/calendar\/templates\/part.showevent.php#189","level":2,"time":1374141812}
{"app":"PHP","message":"Illegal offset type at \/var\/www\/owncloud\/apps\/calendar\/templates\/part.showevent.php#202","level":2,"time":1374141812}
{"app":"PHP","message":"Illegal offset type at \/var\/www\/owncloud\/apps\/calendar\/templates\/part.showevent.php#215","level":2,"time":1374141812}
{"app":"PHP","message":"Illegal offset type at \/var\/www\/owncloud\/apps\/calendar\/templates\/part.showevent.php#163","level":2,"time":1374141836}
{"app":"PHP","message":"Illegal offset type at \/var\/www\/owncloud\/apps\/calendar\/templates\/part.showevent.php#176","level":2,"time":1374141836}
{"app":"PHP","message":"Illegal offset type at \/var\/www\/owncloud\/apps\/calendar\/templates\/part.showevent.php#189","level":2,"time":1374141836}
{"app":"PHP","message":"Illegal offset type at \/var\/www\/owncloud\/apps\/calendar\/templates\/part.showevent.php#202","level":2,"time":1374141836}
{"app":"PHP","message":"Illegal offset type at \/var\/www\/owncloud\/apps\/calendar\/templates\/part.showevent.php#215","level":2,"time":1374141836}
{"app":"search_lucene","message":"failed to extract meta information for \/Sam\/files\/: Could not open \"\/var\/www\/owncloud\/data\/Sam\/files\/\" (does not exist, or is not a file)","level":2,"time":1374142723}
{"app":"search_lucene","message":"failed to extract meta information for \/Sam\/files\/: Could not open \"\/var\/www\/owncloud\/data\/Sam\/files\/\" (does not exist, or is not a file)","level":2,"time":1374142723}
{"app":"search_lucene","message":"failed to extract meta information for \/Sam\/files\/: Could not open \"\/var\/www\/owncloud\/data\/Sam\/files\/\" (does not exist, or is not a file)","level":2,"time":1374142723}
{"app":"news","message":"Can not enable the News app because the App Framework App is disabled","level":3,"time":1374158724}
{"app":"news","message":"Can not enable the News app because the App Framework App is disabled","level":3,"time":1374158879}
{"app":"news","message":"Can not enable the News app because the App Framework App is disabled","level":3,"time":1374158879}
{"app":"news","message":"Can not enable the News app because the App Framework App is disabled","level":3,"time":1374158883}
{"app":"news","message":"Can not enable the News app because the App Framework App is disabled","level":3,"time":1374158883}
{"app":"news","message":"Can not enable the News app because the App Framework App is disabled","level":3,"time":1374158883}
{"app":"news","message":"Can not enable the News app because the App Framework App is disabled","level":3,"time":1374158883}
{"app":"news","message":"Can not enable the News app because the App Framework App is disabled","level":3,"time":1374158883}
{"app":"news","message":"Can not enable the News app because the App Framework App is disabled","level":3,"time":1374158883}
{"app":"news","message":"Can not enable the News app because the App Framework App is disabled","level":3,"time":1374158885}
{"app":"news","message":"Can not enable the News app because the App Framework App is disabled","level":3,"time":1374158885}
{"app":"news","message":"Can not enable the News app because the App Framework App is disabled","level":3,"time":1374158885}
{"app":"news","message":"Can not enable the News app because the App Framework App is disabled","level":3,"time":1374158885}
{"app":"news","message":"Can not enable the News app because the App Framework App is disabled","level":3,"time":1374158885}
{"app":"news","message":"Can not enable the News app because the App Framework App is disabled","level":3,"time":1374158885}
{"app":"news","message":"Can not enable the News app because the App Framework App is disabled","level":3,"time":1374158887}
{"app":"news","message":"Can not enable the News app because the App Framework App is disabled","level":3,"time":1374158887}
{"app":"news","message":"Can not enable the News app because the App Framework App is disabled","level":3,"time":1374158887}
{"app":"news","message":"Can not enable the News app because the App Framework App is disabled","level":3,"time":1374158887}
{"app":"news","message":"Can not enable the News app because the App Framework App is disabled","level":3,"time":1374158887}
{"app":"news","message":"Can not enable the News app because the App Framework App is disabled","level":3,"time":1374158887}
{"app":"news","message":"Can not enable the News app because the App Framework App is disabled","level":3,"time":1374158887}
{"app":"news","message":"Can not enable the News app because the App Framework App is disabled","level":3,"time":1374158887}
{"app":"news","message":"Can not enable the News app because the App Framework App is disabled","level":3,"time":1374158887}
{"app":"news","message":"Can not enable the News app because the App Framework App is disabled","level":3,"time":1374158890}
{"app":"news","message":"Can not enable the News app because the App Framework App is disabled","level":3,"time":1374158891}
{"app":"news","message":"Can not enable the News app because the App Framework App is disabled","level":3,"time":1374158891}
{"app":"news","message":"Can not enable the News app because the App Framework App is disabled","level":3,"time":1374158891}
{"app":"news","message":"Can not enable the News app because the App Framework App is disabled","level":3,"time":1374158891}
{"app":"news","message":"Can not enable the News app because the App Framework App is disabled","level":3,"time":1374158891}
{"app":"news","message":"Can not enable the News app because the App Framework App is disabled","level":3,"time":1374158891}
{"app":"news","message":"Can not enable the News app because the App Framework App is disabled","level":3,"time":1374158894}
{"app":"news","message":"Can not enable the News app because the App Framework App is disabled","level":3,"time":1374158897}
{"app":"news","message":"Can not enable the News app because the App Framework App is disabled","level":3,"time":1374158897}
{"app":"news","message":"Can not enable the News app because the App Framework App is disabled","level":3,"time":1374158907}
{"app":"news","message":"Can not enable the News app because the App Framework App is disabled","level":3,"time":1374158907}
{"app":"news","message":"Can not enable the News app because the App Framework App is disabled","level":3,"time":1374158910}
{"app":"news","message":"Can not enable the News app because the App Framework App is disabled","level":3,"time":1374158910}
{"app":"news","message":"Can not enable the News app because the App Framework App is disabled","level":3,"time":1374158914}
{"app":"news","message":"Can not enable the News app because the App Framework App is disabled","level":3,"time":1374158914}
{"app":"news","message":"Can not enable the News app because the App Framework App is disabled","level":3,"time":1374158916}
{"app":"news","message":"Can not enable the News app because the App Framework App is disabled","level":3,"time":1374158916}
{"app":"news","message":"Can not enable the News app because the App Framework App is disabled","level":3,"time":1374158920}
{"app":"news","message":"Can not enable the News app because the App Framework App is disabled","level":3,"time":1374158920}
{"app":"news","message":"Can not enable the News app because the App Framework App is disabled","level":3,"time":1374158939}
{"app":"news","message":"Can not enable the News app because the App Framework App is disabled","level":3,"time":1374158939}
{"app":"news","message":"Can not enable the News app because the App Framework App is disabled","level":3,"time":1374158942}
{"app":"news","message":"Can not enable the News app because the App Framework App is disabled","level":3,"time":1374158942}
{"app":"news","message":"Can not enable the News app because the App Framework App is disabled","level":3,"time":1374158990}
{"app":"news","message":"Can not enable the News app because the App Framework App is disabled","level":3,"time":1374158990}
{"app":"news","message":"Can not enable the News app because the App Framework App is disabled","level":3,"time":1374158994}
{"app":"news","message":"Can not enable the News app because the App Framework App is disabled","level":3,"time":1374158994}
{"app":"news","message":"Can not enable the News app because the App Framework App is disabled","level":3,"time":1374158995}
{"app":"news","message":"Can not enable the News app because the App Framework App is disabled","level":3,"time":1374158995}
{"app":"news","message":"Can not enable the News app because the App Framework App is disabled","level":3,"time":1374158996}
{"app":"news","message":"Can not enable the News app because the App Framework App is disabled","level":3,"time":1374158996}
{"app":"news","message":"Can not enable the News app because the App Framework App is disabled","level":3,"time":1374158997}
{"app":"news","message":"Can not enable the News app because the App Framework App is disabled","level":3,"time":1374158997}
{"app":"news","message":"Can not enable the News app because the App Framework App is disabled","level":3,"time":1374159000}
{"app":"news","message":"Can not enable the News app because the App Framework App is disabled","level":3,"time":1374159000}
{"app":"news","message":"Can not enable the News app because the App Framework App is disabled","level":3,"time":1374159001}
{"app":"news","message":"Can not enable the News app because the App Framework App is disabled","level":3,"time":1374159001}
{"app":"news","message":"Can not enable the News app because the App Framework App is disabled","level":3,"time":1374159005}
{"app":"news","message":"Can not enable the News app because the App Framework App is disabled","level":3,"time":1374159005}
{"app":"news","message":"Can not enable the News app because the App Framework App is disabled","level":3,"time":1374159038}
{"app":"news","message":"Can not enable the News app because the App Framework App is disabled","level":3,"time":1374159039}
{"app":"news","message":"Can not enable the News app because the App Framework App is disabled","level":3,"time":1374159048}
{"app":"news","message":"Can not enable the News app because the App Framework App is disabled","level":3,"time":1374159049}
{"app":"news","message":"Can not enable the News app because the App Framework App is disabled","level":3,"time":1374159049}
{"app":"news","message":"Can not enable the News app because the App Framework App is disabled","level":3,"time":1374159049}
{"app":"news","message":"Can not enable the News app because the App Framework App is disabled","level":3,"time":1374159049}
{"app":"news","message":"Can not enable the News app because the App Framework App is disabled","level":3,"time":1374159049}
{"app":"news","message":"Can not enable the News app because the App Framework App is disabled","level":3,"time":1374159049}
{"app":"news","message":"Can not enable the News app because the App Framework App is disabled","level":3,"time":1374159049}
{"app":"news","message":"Can not enable the News app because the App Framework App is disabled","level":3,"time":1374159049}
{"app":"news","message":"Can not enable the News app because the App Framework App is disabled","level":3,"time":1374159050}
{"app":"news","message":"Can not enable the News app because the App Framework App is disabled","level":3,"time":1374159050}
{"app":"news","message":"Can not enable the News app because the App Framework App is disabled","level":3,"time":1374159050}
{"app":"news","message":"Can not enable the News app because the App Framework App is disabled","level":3,"time":1374159050}
{"app":"news","message":"Can not enable the News app because the App Framework App is disabled","level":3,"time":1374159050}
{"app":"news","message":"Can not enable the News app because the App Framework App is disabled","level":3,"time":1374159050}
{"app":"news","message":"Can not enable the News app because the App Framework App is disabled","level":3,"time":1374159050}
{"app":"news","message":"Can not enable the News app because the App Framework App is disabled","level":3,"time":1374159050}
{"app":"news","message":"Can not enable the News app because the App Framework App is disabled","level":3,"time":1374159051}
{"app":"news","message":"Can not enable the News app because the App Framework App is disabled","level":3,"time":1374159051}
{"app":"news","message":"Can not enable the News app because the App Framework App is disabled","level":3,"time":1374159051}
{"app":"news","message":"Can not enable the News app because the App Framework App is disabled","level":3,"time":1374159051}
{"app":"news","message":"Can not enable the News app because the App Framework App is disabled","level":3,"time":1374159051}
{"app":"news","message":"Can not enable the News app because the App Framework App is disabled","level":3,"time":1374159051}
{"app":"news","message":"Can not enable the News app because the App Framework App is disabled","level":3,"time":1374159051}
{"app":"news","message":"Can not enable the News app because the App Framework App is disabled","level":3,"time":1374159054}
{"app":"news","message":"Can not enable the News app because the App Framework App is disabled","level":3,"time":1374159055}
{"app":"news","message":"Can not enable the News app because the App Framework App is disabled","level":3,"time":1374159055}
{"app":"news","message":"Can not enable the News app because the App Framework App is disabled","level":3,"time":1374159055}
{"app":"news","message":"Can not enable the News app because the App Framework App is disabled","level":3,"time":1374159055}
{"app":"news","message":"Can not enable the News app because the App Framework App is disabled","level":3,"time":1374159055}
{"app":"news","message":"Can not enable the News app because the App Framework App is disabled","level":3,"time":1374159055}
{"app":"news","message":"Can not enable the News app because the App Framework App is disabled","level":3,"time":1374159055}
{"app":"news","message":"Can not enable the News app because the App Framework App is disabled","level":3,"time":1374159055}
{"app":"news","message":"Can not enable the News app because the App Framework App is disabled","level":3,"time":1374159055}
{"app":"news","message":"Can not enable the News app because the App Framework App is disabled","level":3,"time":1374159055}
{"app":"news","message":"Can not enable the News app because the App Framework App is disabled","level":3,"time":1374159055}
{"app":"news","message":"Can not enable the News app because the App Framework App is disabled","level":3,"time":1374159056}
{"app":"news","message":"Can not enable the News app because the App Framework App is disabled","level":3,"time":1374159057}
{"app":"news","message":"Can not enable the News app because the App Framework App is disabled","level":3,"time":1374159057}
{"app":"news","message":"Can not enable the News app because the App Framework App is disabled","level":3,"time":1374159057}
{"app":"news","message":"Can not enable the News app because the App Framework App is disabled","level":3,"time":1374159057}
{"app":"news","message":"Can not enable the News app because the App Framework App is disabled","level":3,"time":1374159057}
{"app":"news","message":"Can not enable the News app because the App Framework App is disabled","level":3,"time":1374159057}
{"app":"news","message":"Can not enable the News app because the App Framework App is disabled","level":3,"time":1374159057}
{"app":"news","message":"Can not enable the News app because the App Framework App is disabled","level":3,"time":1374159057}
{"app":"news","message":"Can not enable the News app because the App Framework App is disabled","level":3,"time":1374159057}
{"app":"news","message":"Can not enable the News app because the App Framework App is disabled","level":3,"time":1374159057}
{"app":"news","message":"Can not enable the News app because the App Framework App is disabled","level":3,"time":1374159057}
{"app":"news","message":"Can not enable the News app because the App Framework App is disabled","level":3,"time":1374159057}
{"app":"news","message":"Can not enable the News app because the App Framework App is disabled","level":3,"time":1374159061}
{"app":"news","message":"Can not enable the News app because the App Framework App is disabled","level":3,"time":1374159061}
{"app":"news","message":"Can not enable the News app because the App Framework App is disabled","level":3,"time":1374159061}
{"app":"news","message":"Can not enable the News app because the App Framework App is disabled","level":3,"time":1374159061}
{"app":"news","message":"Can not enable the News app because the App Framework App is disabled","level":3,"time":1374159061}
{"app":"news","message":"Can not enable the News app because the App Framework App is disabled","level":3,"time":1374159061}
{"app":"news","message":"Can not enable the News app because the App Framework App is disabled","level":3,"time":1374159061}
{"app":"news","message":"Can not enable the News app because the App Framework App is disabled","level":3,"time":1374159061}
{"app":"news","message":"Can not enable the News app because the App Framework App is disabled","level":3,"time":1374159061}
{"app":"news","message":"Can not enable the News app because the App Framework App is disabled","level":3,"time":1374159062}
{"app":"news","message":"Can not enable the News app because the App Framework App is disabled","level":3,"time":1374159062}
{"app":"news","message":"Can not enable the News app because the App Framework App is disabled","level":3,"time":1374159062}
{"app":"news","message":"Can not enable the News app because the App Framework App is disabled","level":3,"time":1374159068}
{"app":"news","message":"Can not enable the News app because the App Framework App is disabled","level":3,"time":1374159069}
{"app":"news","message":"Can not enable the News app because the App Framework App is disabled","level":3,"time":1374159069}
{"app":"news","message":"Can not enable the News app because the App Framework App is disabled","level":3,"time":1374159069}
{"app":"news","message":"Can not enable the News app because the App Framework App is disabled","level":3,"time":1374159069}
{"app":"news","message":"Can not enable the News app because the App Framework App is disabled","level":3,"time":1374159069}
{"app":"news","message":"Can not enable the News app because the App Framework App is disabled","level":3,"time":1374159070}
{"app":"news","message":"Can not enable the News app because the App Framework App is disabled","level":3,"time":1374159075}
{"app":"news","message":"Can not enable the News app because the App Framework App is disabled","level":3,"time":1374159101}
{"app":"news","message":"Could not initialize simple pie","level":3,"time":1374182928}
{"app":"PHP","message":"SQLSTATE[HY000]: General error: 1 near \"\"items\"\": syntax error at \/var\/www\/owncloud\/lib\/db.php#391","level":4,"time":1374183039}
{"app":"PHP","message":"Call to undefined function curl_init() at \/var\/www\/owncloud\/apps\/shorty\/lib\/backend.php#305","level":4,"time":1374184053}
{"app":"PHP","message":"Call to undefined function curl_init() at \/var\/www\/owncloud\/apps\/shorty\/lib\/backend.php#305","level":4,"time":1374184077}
{"app":"PHP","message":"Call to undefined function curl_init() at \/var\/www\/owncloud\/apps\/shorty\/lib\/backend.php#207","level":4,"time":1374184148}
{"app":"news","message":"CSRF check failed","level":3,"time":1374219767}
{"app":"news","message":"CSRF check failed","level":3,"time":1374219767}
{"app":"news","message":"CSRF check failed","level":3,"time":1374219948}
{"app":"news","message":"CSRF check failed","level":3,"time":1374219948}
{"app":"news","message":"CSRF check failed","level":3,"time":1374220129}
{"app":"news","message":"CSRF check failed","level":3,"time":1374220129}
{"app":"news","message":"CSRF check failed","level":3,"time":1374220310}
{"app":"news","message":"CSRF check failed","level":3,"time":1374220310}
{"app":"news","message":"CSRF check failed","level":3,"time":1374220491}
{"app":"news","message":"CSRF check failed","level":3,"time":1374220491}
{"app":"news","message":"CSRF check failed","level":3,"time":1374220673}
{"app":"news","message":"CSRF check failed","level":3,"time":1374220675}
{"app":"news","message":"CSRF check failed","level":3,"time":1374220853}
{"app":"news","message":"CSRF check failed","level":3,"time":1374220853}
{"app":"news","message":"CSRF check failed","level":3,"time":1374222213}
{"app":"news","message":"CSRF check failed","level":3,"time":1374222213}
{"app":"news","message":"CSRF check failed","level":3,"time":1374222394}
{"app":"news","message":"CSRF check failed","level":3,"time":1374222394}
{"app":"news","message":"CSRF check failed","level":3,"time":1374222756}
{"app":"news","message":"CSRF check failed","level":3,"time":1374222756}
{"app":"news","message":"CSRF check failed","level":3,"time":1374222937}
{"app":"news","message":"CSRF check failed","level":3,"time":1374222937}
{"app":"news","message":"CSRF check failed","level":3,"time":1374223118}
{"app":"news","message":"CSRF check failed","level":3,"time":1374223118}
{"app":"PHP","message":"Illegal offset type at \/var\/www\/owncloud\/apps\/calendar\/templates\/part.showevent.php#163","level":2,"time":1374230380}
{"app":"PHP","message":"Illegal offset type at \/var\/www\/owncloud\/apps\/calendar\/templates\/part.showevent.php#176","level":2,"time":1374230380}
{"app":"PHP","message":"Illegal offset type at \/var\/www\/owncloud\/apps\/calendar\/templates\/part.showevent.php#189","level":2,"time":1374230380}
{"app":"PHP","message":"Illegal offset type at \/var\/www\/owncloud\/apps\/calendar\/templates\/part.showevent.php#202","level":2,"time":1374230380}
{"app":"PHP","message":"Illegal offset type at \/var\/www\/owncloud\/apps\/calendar\/templates\/part.showevent.php#215","level":2,"time":1374230380}
{"app":"PHP","message":"Illegal offset type at \/var\/www\/owncloud\/apps\/calendar\/templates\/part.showevent.php#163","level":2,"time":1374230393}
{"app":"PHP","message":"Illegal offset type at \/var\/www\/owncloud\/apps\/calendar\/templates\/part.showevent.php#176","level":2,"time":1374230393}
{"app":"PHP","message":"Illegal offset type at \/var\/www\/owncloud\/apps\/calendar\/templates\/part.showevent.php#189","level":2,"time":1374230393}
{"app":"PHP","message":"Illegal offset type at \/var\/www\/owncloud\/apps\/calendar\/templates\/part.showevent.php#202","level":2,"time":1374230393}
{"app":"PHP","message":"Illegal offset type at \/var\/www\/owncloud\/apps\/calendar\/templates\/part.showevent.php#215","level":2,"time":1374230393}
{"app":"news","message":"CSRF check failed","level":3,"time":1374238339}
{"app":"news","message":"CSRF check failed","level":3,"time":1374238339}
{"app":"news","message":"CSRF check failed","level":3,"time":1374238520}
{"app":"news","message":"CSRF check failed","level":3,"time":1374238520}
{"app":"news","message":"CSRF check failed","level":3,"time":1374238701}
{"app":"news","message":"CSRF check failed","level":3,"time":1374238701}
{"app":"news","message":"CSRF check failed","level":3,"time":1374238882}
{"app":"news","message":"CSRF check failed","level":3,"time":1374238882}
{"app":"news","message":"CSRF check failed","level":3,"time":1374239063}
{"app":"news","message":"CSRF check failed","level":3,"time":1374239063}
{"app":"news","message":"CSRF check failed","level":3,"time":1374239201}
{"app":"PHP","message":"Illegal offset type at \/var\/www\/owncloud\/apps\/calendar\/templates\/part.showevent.php#163","level":2,"time":1374239243}
{"app":"PHP","message":"Illegal offset type at \/var\/www\/owncloud\/apps\/calendar\/templates\/part.showevent.php#176","level":2,"time":1374239243}
{"app":"PHP","message":"Illegal offset type at \/var\/www\/owncloud\/apps\/calendar\/templates\/part.showevent.php#189","level":2,"time":1374239243}
{"app":"PHP","message":"Illegal offset type at \/var\/www\/owncloud\/apps\/calendar\/templates\/part.showevent.php#202","level":2,"time":1374239243}
{"app":"PHP","message":"Illegal offset type at \/var\/www\/owncloud\/apps\/calendar\/templates\/part.showevent.php#215","level":2,"time":1374239243}
{"app":"PHP","message":"Illegal offset type at \/var\/www\/owncloud\/apps\/calendar\/templates\/part.showevent.php#163","level":2,"time":1374239244}
{"app":"PHP","message":"Illegal offset type at \/var\/www\/owncloud\/apps\/calendar\/templates\/part.showevent.php#176","level":2,"time":1374239244}
{"app":"PHP","message":"Illegal offset type at \/var\/www\/owncloud\/apps\/calendar\/templates\/part.showevent.php#189","level":2,"time":1374239244}
{"app":"PHP","message":"Illegal offset type at \/var\/www\/owncloud\/apps\/calendar\/templates\/part.showevent.php#202","level":2,"time":1374239244}
{"app":"PHP","message":"Illegal offset type at \/var\/www\/owncloud\/apps\/calendar\/templates\/part.showevent.php#215","level":2,"time":1374239244}
{"app":"news","message":"hi","level":3,"time":1374311085}
{"app":"news","message":"Current user is not logged in","level":3,"time":1374311085}
{"app":"news","message":"hi","level":3,"time":1374484368}
{"app":"news","message":"Current user is not logged in","level":3,"time":1374484368}
{"app":"news","message":"CSRF check failed","level":3,"time":1374520156}
{"app":"news","message":"CSRF check failed","level":3,"time":1374520156}
{"app":"news","message":"CSRF check failed","level":3,"time":1374527515}
{"app":"news","message":"CSRF check failed","level":3,"time":1374527515}
{"app":"news","message":"CSRF check failed","level":3,"time":1374534875}
{"app":"news","message":"CSRF check failed","level":3,"time":1374534875}
{"app":"news","message":"CSRF check failed","level":3,"time":1374542236}
{"app":"news","message":"CSRF check failed","level":3,"time":1374542236}
{"app":"news","message":"CSRF check failed","level":3,"time":1374549596}
{"app":"news","message":"CSRF check failed","level":3,"time":1374549596}
{"app":"news","message":"CSRF check failed","level":3,"time":1374556954}
{"app":"news","message":"CSRF check failed","level":3,"time":1374556954}
{"app":"news","message":"CSRF check failed","level":3,"time":1374564314}
{"app":"news","message":"CSRF check failed","level":3,"time":1374564314}
{"app":"news","message":"CSRF check failed","level":3,"time":1374570933}
{"app":"news","message":"CSRF check failed","level":3,"time":1374570934}
{"app":"news","message":"CSRF check failed","level":3,"time":1374571118}
{"app":"news","message":"CSRF check failed","level":3,"time":1374571118}
{"app":"news","message":"CSRF check failed","level":3,"time":1374571299}
{"app":"news","message":"CSRF check failed","level":3,"time":1374571299}
{"app":"news","message":"CSRF check failed","level":3,"time":1374571480}
{"app":"news","message":"CSRF check failed","level":3,"time":1374571480}
{"app":"news","message":"CSRF check failed","level":3,"time":1374571661}
{"app":"news","message":"CSRF check failed","level":3,"time":1374571661}
{"app":"news","message":"CSRF check failed","level":3,"time":1374571842}
{"app":"news","message":"CSRF check failed","level":3,"time":1374571842}
{"app":"news","message":"CSRF check failed","level":3,"time":1374572023}
{"app":"news","message":"CSRF check failed","level":3,"time":1374572023}
{"app":"news","message":"CSRF check failed","level":3,"time":1374572204}
{"app":"news","message":"CSRF check failed","level":3,"time":1374572204}
{"app":"news","message":"CSRF check failed","level":3,"time":1374572385}
{"app":"news","message":"CSRF check failed","level":3,"time":1374572385}
{"app":"news","message":"CSRF check failed","level":3,"time":1374572566}
{"app":"news","message":"CSRF check failed","level":3,"time":1374572566}
{"app":"news","message":"CSRF check failed","level":3,"time":1374572747}
{"app":"news","message":"CSRF check failed","level":3,"time":1374572747}
{"app":"news","message":"CSRF check failed","level":3,"time":1374572928}
{"app":"news","message":"CSRF check failed","level":3,"time":1374572928}
{"app":"news","message":"CSRF check failed","level":3,"time":1374573109}
{"app":"news","message":"CSRF check failed","level":3,"time":1374573109}
{"app":"news","message":"CSRF check failed","level":3,"time":1374573290}
{"app":"news","message":"CSRF check failed","level":3,"time":1374573290}
{"app":"news","message":"CSRF check failed","level":3,"time":1374573471}
{"app":"news","message":"CSRF check failed","level":3,"time":1374573471}
{"app":"news","message":"CSRF check failed","level":3,"time":1374573652}
{"app":"news","message":"CSRF check failed","level":3,"time":1374573652}
{"app":"news","message":"CSRF check failed","level":3,"time":1374573833}
{"app":"news","message":"CSRF check failed","level":3,"time":1374573833}
{"app":"news","message":"CSRF check failed","level":3,"time":1374574014}
{"app":"news","message":"CSRF check failed","level":3,"time":1374574014}
{"app":"news","message":"CSRF check failed","level":3,"time":1374574195}
{"app":"news","message":"CSRF check failed","level":3,"time":1374574195}
{"app":"news","message":"CSRF check failed","level":3,"time":1374574379}
{"app":"news","message":"CSRF check failed","level":3,"time":1374574379}
{"app":"news","message":"CSRF check failed","level":3,"time":1374574560}
{"app":"news","message":"CSRF check failed","level":3,"time":1374574560}
{"app":"news","message":"CSRF check failed","level":3,"time":1374574741}
{"app":"news","message":"CSRF check failed","level":3,"time":1374574741}
{"app":"news","message":"CSRF check failed","level":3,"time":1374574922}
{"app":"news","message":"CSRF check failed","level":3,"time":1374574922}
{"app":"news","message":"Can not update feed with urlhttps:\/\/github.com\/darkFunction.private.atom?token=0fd897668c21548ad4159e0667a06c20: Not found or bad source","level":3,"time":1374588622}
{"app":"news","message":"Could not initialize simple pie","level":3,"time":1374588622}
{"app":"news","message":"CSRF check failed","level":3,"time":1374615945}
{"app":"news","message":"CSRF check failed","level":3,"time":1374615945}
{"app":"news","message":"hi","level":3,"time":1374657033}
{"app":"news","message":"Current user is not logged in","level":3,"time":1374657033}
{"app":"news","message":"CSRF check failed","level":3,"time":1374844198}
{"app":"news","message":"CSRF check failed","level":3,"time":1374844198}
{"app":"news","message":"CSRF check failed","level":3,"time":1375134451}
{"app":"news","message":"CSRF check failed","level":3,"time":1375134451}
{"app":"news","message":"CSRF check failed","level":3,"time":1375163324}
{"app":"news","message":"CSRF check failed","level":3,"time":1375163324}
{"app":"news","message":"CSRF check failed","level":3,"time":1375175661}
{"app":"news","message":"CSRF check failed","level":3,"time":1375175661}
{"app":"PHP","message":"You do not have the permissions to edit this event. at \/var\/www\/owncloud\/apps\/calendar\/lib\/object.php#195","level":4,"time":1376558080}
{"app":"PHP","message":"You do not have the permissions to edit this event. at \/var\/www\/owncloud\/apps\/calendar\/lib\/object.php#195","level":4,"time":1376558082}
{"app":"PHP","message":"You do not have the permissions to edit this event. at \/var\/www\/owncloud\/apps\/calendar\/lib\/object.php#195","level":4,"time":1376558084}
{"app":"PHP","message":"You do not have the permissions to edit this event. at \/var\/www\/owncloud\/apps\/calendar\/lib\/object.php#195","level":4,"time":1377606591}
{"app":"PHP","message":"You do not have the permissions to edit this event. at \/var\/www\/owncloud\/apps\/calendar\/lib\/object.php#195","level":4,"time":1377606594}
{"app":"PHP","message":"You do not have the permissions to edit this event. at \/var\/www\/owncloud\/apps\/calendar\/lib\/object.php#195","level":4,"time":1377606595}
{"app":"PHP","message":"You do not have the permissions to edit this event. at \/var\/www\/owncloud\/apps\/calendar\/lib\/object.php#195","level":4,"time":1377606595}
{"app":"PHP","message":"You do not have the permissions to edit this event. at \/var\/www\/owncloud\/apps\/calendar\/lib\/object.php#195","level":4,"time":1377606604}
{"app":"PHP","message":"You do not have the permissions to edit this event. at \/var\/www\/owncloud\/apps\/calendar\/lib\/object.php#195","level":4,"time":1377606617}
{"app":"PHP","message":"You do not have the permissions to delete this event. at \/var\/www\/owncloud\/apps\/calendar\/lib\/object.php#265","level":4,"time":1377606620}
{"app":"PHP","message":"You do not have the permissions to delete this event. at \/var\/www\/owncloud\/apps\/calendar\/lib\/object.php#265","level":4,"time":1377606620}
{"app":"PHP","message":"You do not have the permissions to delete this event. at \/var\/www\/owncloud\/apps\/calendar\/lib\/object.php#265","level":4,"time":1377606621}
{"app":"PHP","message":"You do not have the permissions to delete this event. at \/var\/www\/owncloud\/apps\/calendar\/lib\/object.php#265","level":4,"time":1377606621}
{"app":"PHP","message":"You do not have the permissions to delete this event. at \/var\/www\/owncloud\/apps\/calendar\/lib\/object.php#265","level":4,"time":1377606627}
{"app":"PHP","message":"You do not have the permissions to delete this event. at \/var\/www\/owncloud\/apps\/calendar\/lib\/object.php#265","level":4,"time":1377606627}
{"app":"PHP","message":"You do not have the permissions to edit this event. at \/var\/www\/owncloud\/apps\/calendar\/lib\/object.php#195","level":4,"time":1377606630}
{"app":"PHP","message":"You do not have the permissions to edit this event. at \/var\/www\/owncloud\/apps\/calendar\/lib\/object.php#195","level":4,"time":1377606631}
{"app":"PHP","message":"Undefined index: id at \/var\/www\/owncloud\/apps\/calendar\/ajax\/event\/edit.form.php#17","level":2,"time":1377936238}
{"app":"PHP","message":"You do not have the permissions to edit this event. at \/var\/www\/owncloud\/apps\/calendar\/lib\/object.php#195","level":4,"time":1378385020}
{"app":"PHP","message":"You do not have the permissions to edit this event. at \/var\/www\/owncloud\/apps\/calendar\/lib\/object.php#195","level":4,"time":1378385065}
{"app":"PHP","message":"You do not have the permissions to edit this event. at \/var\/www\/owncloud\/apps\/calendar\/lib\/object.php#195","level":4,"time":1378385065}
{"app":"PHP","message":"You do not have the permissions to delete this event. at \/var\/www\/owncloud\/apps\/calendar\/lib\/object.php#265","level":4,"time":1378385069}
{"app":"PHP","message":"You do not have the permissions to delete this event. at \/var\/www\/owncloud\/apps\/calendar\/lib\/object.php#265","level":4,"time":1378385071}
{"app":"PHP","message":"You do not have the permissions to delete this event. at \/var\/www\/owncloud\/apps\/calendar\/lib\/object.php#265","level":4,"time":1378385071}
{"app":"PHP","message":"You do not have the permissions to edit this event. at \/var\/www\/owncloud\/apps\/calendar\/lib\/object.php#195","level":4,"time":1378385081}
{"app":"PHP","message":"You do not have the permissions to edit this event. at \/var\/www\/owncloud\/apps\/calendar\/lib\/object.php#195","level":4,"time":1378385089}
{"app":"PHP","message":"You do not have the permissions to edit this event. at \/var\/www\/owncloud\/apps\/calendar\/lib\/object.php#195","level":4,"time":1378385094}
{"app":"PHP","message":"You do not have the permissions to edit this event. at \/var\/www\/owncloud\/apps\/calendar\/lib\/object.php#195","level":4,"time":1378385096}
{"app":"PHP","message":"You do not have the permissions to edit this event. at \/var\/www\/owncloud\/apps\/calendar\/lib\/object.php#195","level":4,"time":1378385097}
{"app":"PHP","message":"You do not have the permissions to edit this event. at \/var\/www\/owncloud\/apps\/calendar\/lib\/object.php#195","level":4,"time":1378385098}
{"app":"PHP","message":"You do not have the permissions to edit this event. at \/var\/www\/owncloud\/apps\/calendar\/lib\/object.php#195","level":4,"time":1378385103}
{"app":"PHP","message":"Illegal offset type at \/var\/www\/owncloud\/apps\/calendar\/templates\/part.showevent.php#163","level":2,"time":1378715015}
{"app":"PHP","message":"Illegal offset type at \/var\/www\/owncloud\/apps\/calendar\/templates\/part.showevent.php#176","level":2,"time":1378715015}
{"app":"PHP","message":"Illegal offset type at \/var\/www\/owncloud\/apps\/calendar\/templates\/part.showevent.php#189","level":2,"time":1378715015}
{"app":"PHP","message":"Illegal offset type at \/var\/www\/owncloud\/apps\/calendar\/templates\/part.showevent.php#202","level":2,"time":1378715015}
{"app":"PHP","message":"Illegal offset type at \/var\/www\/owncloud\/apps\/calendar\/templates\/part.showevent.php#215","level":2,"time":1378715015}
{"app":"core","message":"starting upgrade from 5.0.15 to 5.0.20","level":2,"time":"2013-09-15T12:55:00+00:00"}
{"app":"PHP","message":"You do not have the permissions to edit this event. at \/var\/www\/owncloud\/apps\/calendar\/lib\/object.php#195","level":4,"time":"2013-09-24T11:07:41+00:00"}
{"app":"PHP","message":"You do not have the permissions to edit this event. at \/var\/www\/owncloud\/apps\/calendar\/lib\/object.php#195","level":4,"time":"2013-09-24T11:07:44+00:00"}
{"app":"PHP","message":"You do not have the permissions to edit this event. at \/var\/www\/owncloud\/apps\/calendar\/lib\/object.php#195","level":4,"time":"2013-09-24T11:07:53+00:00"}
{"app":"PHP","message":"You do not have the permissions to edit this event. at \/var\/www\/owncloud\/apps\/calendar\/lib\/object.php#195","level":4,"time":"2013-09-24T11:08:11+00:00"}
{"app":"PHP","message":"You do not have the permissions to edit this event. at \/var\/www\/owncloud\/apps\/calendar\/lib\/object.php#195","level":4,"time":"2013-09-24T11:08:11+00:00"}
{"app":"PHP","message":"Undefined offset: 1 at \/var\/www\/owncloud\/apps\/calendar\/lib\/object.php#811","level":2,"time":"2013-09-25T17:01:46+00:00"}
{"app":"news","message":"CSRF check failed","level":3,"time":"2013-10-23T07:30:07+00:00"}
{"app":"news","message":"CSRF check failed","level":3,"time":"2013-10-23T07:30:07+00:00"}
{"app":"news","message":"CSRF check failed","level":3,"time":"2013-10-23T07:33:07+00:00"}
{"app":"news","message":"CSRF check failed","level":3,"time":"2013-10-23T07:33:07+00:00"}
{"app":"news","message":"CSRF check failed","level":3,"time":"2013-10-23T07:36:07+00:00"}
{"app":"news","message":"CSRF check failed","level":3,"time":"2013-10-23T07:36:07+00:00"}
{"app":"news","message":"CSRF check failed","level":3,"time":"2013-10-23T07:39:07+00:00"}
{"app":"news","message":"CSRF check failed","level":3,"time":"2013-10-23T07:39:07+00:00"}
{"app":"core","message":"starting upgrade from 5.0.20 to 5.0.25","level":2,"time":"2013-11-16T18:37:09+00:00"}
{"app":"PHP","message":"Undefined index: display_name at \/var\/www\/owncloud\/lib\/base.php#772","level":2,"time":"2013-11-25T17:11:57+00:00"}
{"app":"PHP","message":"Undefined index: display_name at \/var\/www\/owncloud\/lib\/base.php#772","level":2,"time":"2013-11-26T11:58:34+00:00"}
{"app":"PHP","message":"You do not have the permissions to edit this event. at \/var\/www\/owncloud\/apps\/calendar\/lib\/object.php#195","level":4,"time":"2014-01-05T20:40:17+00:00"}
{"app":"PHP","message":"You do not have the permissions to edit this event. at \/var\/www\/owncloud\/apps\/calendar\/lib\/object.php#195","level":4,"time":"2014-01-05T20:40:18+00:00"}
{"app":"PHP","message":"Undefined index: permissions at \/var\/www\/owncloud\/apps\/calendar\/lib\/app.php#355","level":2,"time":"2014-01-05T20:42:19+00:00"}
{"app":"PHP","message":"Undefined index: permissions at \/var\/www\/owncloud\/apps\/calendar\/lib\/app.php#355","level":2,"time":"2014-01-05T20:42:19+00:00"}
{"app":"vobject","message":"Invalid VObject, line 1 did not follow the icalendar\/vcard format","level":3,"time":"2014-01-05T20:42:19+00:00"}
{"app":"PHP","message":"Undefined index: userid at \/var\/www\/owncloud\/apps\/calendar\/lib\/object.php#261","level":2,"time":"2014-01-05T20:42:19+00:00"}
{"app":"PHP","message":"Undefined variable: velement at \/var\/www\/owncloud\/apps\/calendar\/lib\/object.php#522","level":2,"time":"2014-01-05T20:42:19+00:00"}
{"app":"PHP","message":"Call to a member function getAsString() on a non-object at \/var\/www\/owncloud\/apps\/calendar\/lib\/object.php#522","level":4,"time":"2014-01-05T20:42:19+00:00"}
{"app":"PHP","message":"Undefined index: permissions at \/var\/www\/owncloud\/apps\/calendar\/lib\/app.php#355","level":2,"time":"2014-01-05T20:42:19+00:00"}
{"app":"PHP","message":"Undefined index: permissions at \/var\/www\/owncloud\/apps\/calendar\/lib\/app.php#355","level":2,"time":"2014-01-05T20:42:19+00:00"}
{"app":"vobject","message":"Invalid VObject, line 1 did not follow the icalendar\/vcard format","level":3,"time":"2014-01-05T20:42:19+00:00"}
{"app":"PHP","message":"Undefined index: userid at \/var\/www\/owncloud\/apps\/calendar\/lib\/object.php#261","level":2,"time":"2014-01-05T20:42:19+00:00"}
{"app":"PHP","message":"Undefined variable: velement at \/var\/www\/owncloud\/apps\/calendar\/lib\/object.php#522","level":2,"time":"2014-01-05T20:42:19+00:00"}
{"app":"PHP","message":"Call to a member function getAsString() on a non-object at \/var\/www\/owncloud\/apps\/calendar\/lib\/object.php#522","level":4,"time":"2014-01-05T20:42:19+00:00"}
{"app":"PHP","message":"Undefined index: permissions at \/var\/www\/owncloud\/apps\/calendar\/lib\/app.php#355","level":2,"time":"2014-01-05T20:42:19+00:00"}
{"app":"PHP","message":"Undefined index: permissions at \/var\/www\/owncloud\/apps\/calendar\/lib\/app.php#355","level":2,"time":"2014-01-05T20:42:19+00:00"}
{"app":"vobject","message":"Invalid VObject, line 1 did not follow the icalendar\/vcard format","level":3,"time":"2014-01-05T20:42:19+00:00"}
{"app":"PHP","message":"Undefined index: userid at \/var\/www\/owncloud\/apps\/calendar\/lib\/object.php#261","level":2,"time":"2014-01-05T20:42:19+00:00"}
{"app":"PHP","message":"Undefined variable: velement at \/var\/www\/owncloud\/apps\/calendar\/lib\/object.php#522","level":2,"time":"2014-01-05T20:42:19+00:00"}
{"app":"PHP","message":"Call to a member function getAsString() on a non-object at \/var\/www\/owncloud\/apps\/calendar\/lib\/object.php#522","level":4,"time":"2014-01-05T20:42:19+00:00"}
{"app":"PHP","message":"Undefined index: permissions at \/var\/www\/owncloud\/apps\/calendar\/lib\/app.php#355","level":2,"time":"2014-01-05T20:42:19+00:00"}
{"app":"PHP","message":"Undefined index: permissions at \/var\/www\/owncloud\/apps\/calendar\/lib\/app.php#355","level":2,"time":"2014-01-05T20:42:19+00:00"}
{"app":"vobject","message":"Invalid VObject, line 1 did not follow the icalendar\/vcard format","level":3,"time":"2014-01-05T20:42:19+00:00"}
{"app":"PHP","message":"Undefined index: userid at \/var\/www\/owncloud\/apps\/calendar\/lib\/object.php#261","level":2,"time":"2014-01-05T20:42:19+00:00"}
{"app":"PHP","message":"Undefined variable: velement at \/var\/www\/owncloud\/apps\/calendar\/lib\/object.php#522","level":2,"time":"2014-01-05T20:42:19+00:00"}
{"app":"PHP","message":"Call to a member function getAsString() on a non-object at \/var\/www\/owncloud\/apps\/calendar\/lib\/object.php#522","level":4,"time":"2014-01-05T20:42:19+00:00"}
{"app":"PHP","message":"Undefined index: permissions at \/var\/www\/owncloud\/apps\/calendar\/lib\/app.php#355","level":2,"time":"2014-01-05T20:42:19+00:00"}
{"app":"PHP","message":"Undefined index: permissions at \/var\/www\/owncloud\/apps\/calendar\/lib\/app.php#355","level":2,"time":"2014-01-05T20:42:19+00:00"}
{"app":"vobject","message":"Invalid VObject, line 1 did not follow the icalendar\/vcard format","level":3,"time":"2014-01-05T20:42:19+00:00"}
{"app":"PHP","message":"Undefined index: userid at \/var\/www\/owncloud\/apps\/calendar\/lib\/object.php#261","level":2,"time":"2014-01-05T20:42:19+00:00"}
{"app":"PHP","message":"Undefined variable: velement at \/var\/www\/owncloud\/apps\/calendar\/lib\/object.php#522","level":2,"time":"2014-01-05T20:42:19+00:00"}
{"app":"PHP","message":"Call to a member function getAsString() on a non-object at \/var\/www\/owncloud\/apps\/calendar\/lib\/object.php#522","level":4,"time":"2014-01-05T20:42:19+00:00"}
{"app":"PHP","message":"You do not have the permissions to edit this event. at \/var\/www\/owncloud\/apps\/calendar\/lib\/object.php#195","level":4,"time":"2014-01-05T20:42:28+00:00"}
{"app":"PHP","message":"You do not have the permissions to delete this event. at \/var\/www\/owncloud\/apps\/calendar\/lib\/object.php#265","level":4,"time":"2014-01-05T20:42:36+00:00"}
{"app":"PHP","message":"You do not have the permissions to delete this event. at \/var\/www\/owncloud\/apps\/calendar\/lib\/object.php#265","level":4,"time":"2014-01-05T20:42:41+00:00"}
{"app":"news","message":"Can not update feed with urlhttp:\/\/news.ycombinator.com: Not found or bad source","level":3,"time":"2014-01-06T15:45:56+00:00"}
{"app":"news","message":"Could not initialize simple pie","level":3,"time":"2014-01-06T15:45:56+00:00"}
{"app":"news","message":"Can not update feed with urlhttp:\/\/news.ycombinator.com: Not found or bad source","level":3,"time":"2014-01-06T20:07:26+00:00"}
{"app":"news","message":"Could not initialize simple pie","level":3,"time":"2014-01-06T20:07:26+00:00"}
{"app":"PHP","message":"Undefined index: display_name at \/var\/www\/owncloud\/lib\/base.php#772","level":2,"time":"2014-01-14T14:38:28+00:00"}
{"app":"PHP","message":"Undefined index: display_name at \/var\/www\/owncloud\/lib\/base.php#772","level":2,"time":"2014-01-15T07:38:14+00:00"}
{"app":"PHP","message":"Undefined index: display_name at \/var\/www\/owncloud\/lib\/base.php#772","level":2,"time":"2014-01-15T12:10:32+00:00"}
{"app":"PHP","message":"You do not have the permissions to edit this event. at \/var\/www\/owncloud\/apps\/calendar\/lib\/object.php#195","level":4,"time":"2014-01-15T12:27:51+00:00"}
{"app":"PHP","message":"You do not have the permissions to edit this event. at \/var\/www\/owncloud\/apps\/calendar\/lib\/object.php#195","level":4,"time":"2014-01-15T12:33:25+00:00"}
{"app":"PHP","message":"Undefined index: display_name at \/var\/www\/owncloud\/lib\/base.php#772","level":2,"time":"2014-01-15T14:59:14+00:00"}
{"app":"PHP","message":"Undefined index: display_name at \/var\/www\/owncloud\/lib\/base.php#772","level":2,"time":"2014-01-15T20:42:20+00:00"}
{"app":"OCP\\Share","message":"Sharing backend OC_Share_Backend_File not registered, OC_Share_Backend_File is already registered for file","level":2,"time":"2014-03-25T14:44:27+00:00"}
{"app":"OCP\\Share","message":"Sharing backend OC_Share_Backend_Folder not registered, OC_Share_Backend_Folder is already registered for folder","level":2,"time":"2014-03-25T14:44:27+00:00"}
{"app":"PHP","message":"PHP Startup: Unable to load dynamic library '\/usr\/lib\/php5\/20100525+lfs\/suhosin.so' - \/usr\/lib\/php5\/20100525+lfs\/suhosin.so: cannot open shared object file: No such file or directory at Unknown#0","level":3,"time":"2014-06-19T10:27:16+00:00"}
{"app":"PHP","message":"PHP Startup: Unable to load dynamic library '\/usr\/lib\/php5\/20100525+lfs\/suhosin.so' - \/usr\/lib\/php5\/20100525+lfs\/suhosin.so: cannot open shared object file: No such file or directory at Unknown#0","level":3,"time":"2014-06-25T07:56:11+00:00"}
{"app":"PHP","message":"PHP Startup: Unable to load dynamic library '\/usr\/lib\/php5\/20100525+lfs\/suhosin.so' - \/usr\/lib\/php5\/20100525+lfs\/suhosin.so: cannot open shared object file: No such file or directory at Unknown#0","level":3,"time":"2014-06-29T23:57:30+00:00"}
{"app":"PHP","message":"PHP Startup: Unable to load dynamic library '\/usr\/lib\/php5\/20100525+lfs\/suhosin.so' - \/usr\/lib\/php5\/20100525+lfs\/suhosin.so: cannot open shared object file: No such file or directory at Unknown#0","level":3,"time":"2014-06-30T14:28:01+00:00"}
{"app":"PHP","message":"PHP Startup: Unable to load dynamic library '\/usr\/lib\/php5\/20100525+lfs\/suhosin.so' - \/usr\/lib\/php5\/20100525+lfs\/suhosin.so: cannot open shared object file: No such file or directory at Unknown#0","level":3,"time":"2014-07-13T19:51:28+00:00"}
{"app":"PHP","message":"PHP Startup: Unable to load dynamic library '\/usr\/lib\/php5\/20100525+lfs\/suhosin.so' - \/usr\/lib\/php5\/20100525+lfs\/suhosin.so: cannot open shared object file: No such file or directory at Unknown#0","level":3,"time":"2014-08-02T16:19:28+00:00"}
{"app":"PHP","message":"PHP Startup: Unable to load dynamic library '\/usr\/lib\/php5\/20100525+lfs\/suhosin.so' - \/usr\/lib\/php5\/20100525+lfs\/suhosin.so: cannot open shared object file: No such file or directory at Unknown#0","level":3,"time":"2014-08-02T16:19:29+00:00"}
{"app":"PHP","message":"PHP Startup: Unable to load dynamic library '\/usr\/lib\/php5\/20100525+lfs\/suhosin.so' - \/usr\/lib\/php5\/20100525+lfs\/suhosin.so: cannot open shared object file: No such file or directory at Unknown#0","level":3,"time":"2014-08-03T10:22:19+00:00"}
{"app":"PHP","message":"PHP Startup: Unable to load dynamic library '\/usr\/lib\/php5\/20100525+lfs\/suhosin.so' - \/usr\/lib\/php5\/20100525+lfs\/suhosin.so: cannot open shared object file: No such file or directory at Unknown#0","level":3,"time":"2014-08-03T10:22:19+00:00"}
{"app":"core","message":"App \"\" (files_odfviewer) can't be used because it is not compatible with this version of ownCloud","level":3,"time":"2014-08-13T07:59:53+00:00"}
{"app":"core","message":"can't remove app files_odfviewer. It is not installed.","level":3,"time":"2014-08-13T07:59:53+00:00"}
{"app":"core","message":"App \"\" (user_migrate) can't be used because it is not compatible with this version of ownCloud","level":3,"time":"2014-08-13T07:59:53+00:00"}
{"app":"core","message":"can't remove app user_migrate. It is not installed.","level":3,"time":"2014-08-13T07:59:53+00:00"}
{"app":"core","message":"App \"\" (admin_migrate) can't be used because it is not compatible with this version of ownCloud","level":3,"time":"2014-08-13T07:59:53+00:00"}
{"app":"core","message":"can't remove app admin_migrate. It is not installed.","level":3,"time":"2014-08-13T07:59:53+00:00"}
{"app":"core","message":"App \"\" (media) can't be used because it is not compatible with this version of ownCloud","level":3,"time":"2014-08-13T07:59:53+00:00"}
{"app":"core","message":"can't remove app media. It is not installed.","level":3,"time":"2014-08-13T07:59:53+00:00"}
{"app":"core","message":"App \"\" (files_imageviewer) can't be used because it is not compatible with this version of ownCloud","level":3,"time":"2014-08-13T07:59:53+00:00"}
{"app":"core","message":"can't remove app files_imageviewer. It is not installed.","level":3,"time":"2014-08-13T07:59:53+00:00"}
{"app":"PHP","message":"PHP Startup: Unable to load dynamic library '\/usr\/lib\/php5\/20100525+lfs\/suhosin.so' - \/usr\/lib\/php5\/20100525+lfs\/suhosin.so: cannot open shared object file: No such file or directory at Unknown#0","level":3,"time":"2014-08-13T08:11:53+00:00"}
